
  .   ____          _            __ _ _
 /\\ / ___'_ __ _ _(_)_ __  __ _ \ \ \ \
( ( )\___ | '_ | '_| | '_ \/ _` | \ \ \ \
 \\/  ___)| |_)| | | | | || (_| |  ) ) ) )
  '  |____| .__|_| |_|_| |_\__, | / / / /
 =========|_|==============|___/=/_/_/_/

 :: Spring Boot ::                (v3.4.5)

2025-05-09T11:33:49.839+03:00  INFO 2025147 --- [eureka-server] [           main] i.b.e.e.EurekaServerApplication          : Starting EurekaServerApplication v0.0.1-SNAPSHOT using Java 21.0.6 with PID 2025147 (/home/aqui/eclipse-workspace/eksiclone/eureka-server/target/eureka-server-0.0.1-SNAPSHOT.jar started by aqui in /home/aqui/eclipse-workspace/eksiclone)
2025-05-09T11:33:49.841+03:00  INFO 2025147 --- [eureka-server] [           main] i.b.e.e.EurekaServerApplication          : No active profile set, falling back to 1 default profile: "default"
2025-05-09T11:33:50.805+03:00  INFO 2025147 --- [eureka-server] [           main] o.s.cloud.context.scope.GenericScope     : BeanFactory id=cbb08d38-1e7b-36ac-b335-b20a005ab8f7
2025-05-09T11:33:51.059+03:00  INFO 2025147 --- [eureka-server] [           main] o.s.b.w.embedded.tomcat.TomcatWebServer  : Tomcat initialized with port 8761 (http)
2025-05-09T11:33:51.070+03:00  INFO 2025147 --- [eureka-server] [           main] o.apache.catalina.core.StandardService   : Starting service [Tomcat]
2025-05-09T11:33:51.070+03:00  INFO 2025147 --- [eureka-server] [           main] o.apache.catalina.core.StandardEngine    : Starting Servlet engine: [Apache Tomcat/10.1.40]
2025-05-09T11:33:51.088+03:00  INFO 2025147 --- [eureka-server] [           main] o.a.c.c.C.[Tomcat].[localhost].[/]       : Initializing Spring embedded WebApplicationContext
2025-05-09T11:33:51.089+03:00  INFO 2025147 --- [eureka-server] [           main] w.s.c.ServletWebServerApplicationContext : Root WebApplicationContext: initialization completed in 1199 ms
2025-05-09T11:33:51.921+03:00  INFO 2025147 --- [eureka-server] [           main] c.n.d.provider.DiscoveryJerseyProvider   : Using JSON encoding codec LegacyJacksonJson
2025-05-09T11:33:51.923+03:00  INFO 2025147 --- [eureka-server] [           main] c.n.d.provider.DiscoveryJerseyProvider   : Using JSON decoding codec LegacyJacksonJson
2025-05-09T11:33:52.058+03:00  INFO 2025147 --- [eureka-server] [           main] c.n.d.provider.DiscoveryJerseyProvider   : Using XML encoding codec XStreamXml
2025-05-09T11:33:52.058+03:00  INFO 2025147 --- [eureka-server] [           main] c.n.d.provider.DiscoveryJerseyProvider   : Using XML decoding codec XStreamXml
2025-05-09T11:33:52.198+03:00  INFO 2025147 --- [eureka-server] [           main] o.s.v.b.OptionalValidatorFactoryBean     : Failed to set up a Bean Validation provider: jakarta.validation.NoProviderFoundException: Unable to create a Configuration, because no Jakarta Bean Validation provider could be found. Add a provider like Hibernate Validator (RI) to your classpath.
2025-05-09T11:33:52.908+03:00  WARN 2025147 --- [eureka-server] [           main] iguration$LoadBalancerCaffeineWarnLogger : Spring Cloud LoadBalancer is currently working with the default cache. While this cache implementation is useful for development and tests, it's recommended to use Caffeine cache in production.You can switch to using Caffeine cache, by adding it and org.springframework.cache.caffeine.CaffeineCacheManager to the classpath.
2025-05-09T11:33:52.928+03:00  INFO 2025147 --- [eureka-server] [           main] o.s.c.n.eureka.InstanceInfoFactory       : Setting initial instance status as: STARTING
2025-05-09T11:33:52.942+03:00  INFO 2025147 --- [eureka-server] [           main] com.netflix.discovery.DiscoveryClient    : Initializing Eureka in region us-east-1
2025-05-09T11:33:52.942+03:00  INFO 2025147 --- [eureka-server] [           main] com.netflix.discovery.DiscoveryClient    : Client configured to neither register nor query for data.
2025-05-09T11:33:52.943+03:00  INFO 2025147 --- [eureka-server] [           main] com.netflix.discovery.DiscoveryClient    : Discovery Client initialized at timestamp 1746779632943 with initial instances count: 0
2025-05-09T11:33:52.971+03:00  INFO 2025147 --- [eureka-server] [           main] c.n.eureka.DefaultEurekaServerContext    : Initializing ...
2025-05-09T11:33:52.972+03:00  INFO 2025147 --- [eureka-server] [           main] c.n.eureka.cluster.PeerEurekaNodes       : Adding new peer nodes [http://localhost:8761/eureka/]
2025-05-09T11:33:53.048+03:00  INFO 2025147 --- [eureka-server] [           main] c.n.d.provider.DiscoveryJerseyProvider   : Using JSON encoding codec LegacyJacksonJson
2025-05-09T11:33:53.048+03:00  INFO 2025147 --- [eureka-server] [           main] c.n.d.provider.DiscoveryJerseyProvider   : Using JSON decoding codec LegacyJacksonJson
2025-05-09T11:33:53.048+03:00  INFO 2025147 --- [eureka-server] [           main] c.n.d.provider.DiscoveryJerseyProvider   : Using XML encoding codec XStreamXml
2025-05-09T11:33:53.048+03:00  INFO 2025147 --- [eureka-server] [           main] c.n.d.provider.DiscoveryJerseyProvider   : Using XML decoding codec XStreamXml
2025-05-09T11:33:53.072+03:00  INFO 2025147 --- [eureka-server] [           main] c.n.eureka.cluster.PeerEurekaNodes       : Replica node URL:  http://localhost:8761/eureka/
2025-05-09T11:33:53.078+03:00  INFO 2025147 --- [eureka-server] [           main] c.n.e.registry.AbstractInstanceRegistry  : Finished initializing remote region registries. All known remote regions: []
2025-05-09T11:33:53.078+03:00  INFO 2025147 --- [eureka-server] [           main] c.n.eureka.DefaultEurekaServerContext    : Initialized
2025-05-09T11:33:53.087+03:00  INFO 2025147 --- [eureka-server] [           main] o.s.b.a.e.web.EndpointLinksResolver      : Exposing 1 endpoint beneath base path '/actuator'
2025-05-09T11:33:53.127+03:00  INFO 2025147 --- [eureka-server] [           main] o.s.c.n.e.s.EurekaServiceRegistry        : Registering application EUREKA-SERVER with eureka with status UP
2025-05-09T11:33:53.141+03:00  INFO 2025147 --- [eureka-server] [       Thread-9] o.s.c.n.e.server.EurekaServerBootstrap   : isAws returned false
2025-05-09T11:33:53.141+03:00  INFO 2025147 --- [eureka-server] [       Thread-9] o.s.c.n.e.server.EurekaServerBootstrap   : Initialized server context
2025-05-09T11:33:53.142+03:00  INFO 2025147 --- [eureka-server] [       Thread-9] c.n.e.r.PeerAwareInstanceRegistryImpl    : Got 1 instances from neighboring DS node
2025-05-09T11:33:53.142+03:00  INFO 2025147 --- [eureka-server] [       Thread-9] c.n.e.r.PeerAwareInstanceRegistryImpl    : Renew threshold is: 1
2025-05-09T11:33:53.142+03:00  INFO 2025147 --- [eureka-server] [       Thread-9] c.n.e.r.PeerAwareInstanceRegistryImpl    : Changing status to UP
2025-05-09T11:33:53.143+03:00  INFO 2025147 --- [eureka-server] [           main] o.s.b.w.embedded.tomcat.TomcatWebServer  : Tomcat started on port 8761 (http) with context path '/'
2025-05-09T11:33:53.145+03:00  INFO 2025147 --- [eureka-server] [           main] .s.c.n.e.s.EurekaAutoServiceRegistration : Updating port to 8761
2025-05-09T11:33:53.145+03:00  INFO 2025147 --- [eureka-server] [       Thread-9] e.s.EurekaServerInitializerConfiguration : Started Eureka Server
2025-05-09T11:33:53.169+03:00  INFO 2025147 --- [eureka-server] [           main] i.b.e.e.EurekaServerApplication          : Started EurekaServerApplication in 4.023 seconds (process running for 4.425)
2025-05-09T11:34:16.681+03:00  INFO 2025147 --- [eureka-server] [nio-8761-exec-1] o.a.c.c.C.[Tomcat].[localhost].[/]       : Initializing Spring DispatcherServlet 'dispatcherServlet'
2025-05-09T11:34:16.682+03:00  INFO 2025147 --- [eureka-server] [nio-8761-exec-1] o.s.web.servlet.DispatcherServlet        : Initializing Servlet 'dispatcherServlet'
2025-05-09T11:34:16.682+03:00  INFO 2025147 --- [eureka-server] [nio-8761-exec-1] o.s.web.servlet.DispatcherServlet        : Completed initialization in 0 ms
2025-05-09T11:34:16.876+03:00  INFO 2025147 --- [eureka-server] [nio-8761-exec-2] c.n.e.registry.AbstractInstanceRegistry  : Registered instance GATEWAY/10.9.9.188:gateway:8080 with status UP (replication=false)
2025-05-09T11:34:17.492+03:00  INFO 2025147 --- [eureka-server] [nio-8761-exec-3] c.n.e.registry.AbstractInstanceRegistry  : Registered instance GATEWAY/10.9.9.188:gateway:8080 with status UP (replication=true)
2025-05-09T11:34:29.046+03:00  INFO 2025147 --- [eureka-server] [nio-8761-exec-5] c.n.e.registry.AbstractInstanceRegistry  : Registered instance USER-SERVICE/10.9.9.188:user-service:8082 with status UP (replication=false)
2025-05-09T11:34:29.557+03:00  INFO 2025147 --- [eureka-server] [nio-8761-exec-6] c.n.e.registry.AbstractInstanceRegistry  : Registered instance USER-SERVICE/10.9.9.188:user-service:8082 with status UP (replication=true)
2025-05-09T11:34:38.796+03:00  INFO 2025147 --- [eureka-server] [nio-8761-exec-8] c.n.e.registry.AbstractInstanceRegistry  : Registered instance ROLE-SERVICE/10.9.9.188:role-service:8083 with status UP (replication=false)
2025-05-09T11:34:39.309+03:00  INFO 2025147 --- [eureka-server] [nio-8761-exec-9] c.n.e.registry.AbstractInstanceRegistry  : Registered instance ROLE-SERVICE/10.9.9.188:role-service:8083 with status UP (replication=true)
2025-05-09T11:34:53.143+03:00  INFO 2025147 --- [eureka-server] [a-EvictionTimer] c.n.e.registry.AbstractInstanceRegistry  : Running the evict task with compensationTime 0ms
2025-05-09T11:35:53.144+03:00  INFO 2025147 --- [eureka-server] [a-EvictionTimer] c.n.e.registry.AbstractInstanceRegistry  : Running the evict task with compensationTime 0ms
2025-05-09T11:36:53.144+03:00  INFO 2025147 --- [eureka-server] [a-EvictionTimer] c.n.e.registry.AbstractInstanceRegistry  : Running the evict task with compensationTime 0ms
2025-05-09T11:37:53.144+03:00  INFO 2025147 --- [eureka-server] [a-EvictionTimer] c.n.e.registry.AbstractInstanceRegistry  : Running the evict task with compensationTime 0ms
2025-05-09T11:38:53.144+03:00  INFO 2025147 --- [eureka-server] [a-EvictionTimer] c.n.e.registry.AbstractInstanceRegistry  : Running the evict task with compensationTime 0ms
2025-05-09T11:39:07.814+03:00  INFO 2025147 --- [eureka-server] [nio-8761-exec-8] c.n.e.registry.AbstractInstanceRegistry  : Registered instance ROLE-SERVICE/10.9.9.188:role-service:8083 with status DOWN (replication=false)
2025-05-09T11:39:08.332+03:00  INFO 2025147 --- [eureka-server] [io-8761-exec-10] c.n.e.registry.AbstractInstanceRegistry  : Registered instance ROLE-SERVICE/10.9.9.188:role-service:8083 with status DOWN (replication=true)
2025-05-09T11:39:09.853+03:00  INFO 2025147 --- [eureka-server] [nio-8761-exec-5] c.n.e.registry.AbstractInstanceRegistry  : Registered instance USER-SERVICE/10.9.9.188:user-service:8082 with status DOWN (replication=false)
2025-05-09T11:39:10.365+03:00  INFO 2025147 --- [eureka-server] [nio-8761-exec-6] c.n.e.registry.AbstractInstanceRegistry  : Registered instance USER-SERVICE/10.9.9.188:user-service:8082 with status DOWN (replication=true)
2025-05-09T11:39:11.908+03:00  INFO 2025147 --- [eureka-server] [io-8761-exec-10] c.n.e.registry.AbstractInstanceRegistry  : Registered instance GATEWAY/10.9.9.188:gateway:8080 with status DOWN (replication=false)
2025-05-09T11:39:12.421+03:00  INFO 2025147 --- [eureka-server] [nio-8761-exec-1] c.n.e.registry.AbstractInstanceRegistry  : Registered instance GATEWAY/10.9.9.188:gateway:8080 with status DOWN (replication=true)
2025-05-09T11:39:13.954+03:00  INFO 2025147 --- [eureka-server] [ionShutdownHook] o.s.c.n.e.s.EurekaServiceRegistry        : Unregistering application EUREKA-SERVER with eureka with status DOWN
2025-05-09T11:39:13.956+03:00  INFO 2025147 --- [eureka-server] [ionShutdownHook] o.s.b.w.e.tomcat.GracefulShutdown        : Commencing graceful shutdown. Waiting for active requests to complete
2025-05-09T11:39:13.959+03:00  INFO 2025147 --- [eureka-server] [tomcat-shutdown] o.s.b.w.e.tomcat.GracefulShutdown        : Graceful shutdown complete
2025-05-09T11:39:13.961+03:00  INFO 2025147 --- [eureka-server] [ionShutdownHook] o.s.c.n.e.server.EurekaServerBootstrap   : Shutting down Eureka Server..
2025-05-09T11:39:13.962+03:00  INFO 2025147 --- [eureka-server] [ionShutdownHook] c.n.eureka.DefaultEurekaServerContext    : Shutting down ...
2025-05-09T11:39:13.965+03:00  INFO 2025147 --- [eureka-server] [ionShutdownHook] c.n.eureka.DefaultEurekaServerContext    : Shut down
2025-05-09T11:39:13.966+03:00  INFO 2025147 --- [eureka-server] [ionShutdownHook] o.s.c.n.e.server.EurekaServerBootstrap   : Eureka Service is now shutdown...
2025-05-09T11:39:13.966+03:00  INFO 2025147 --- [eureka-server] [ionShutdownHook] c.n.eureka.DefaultEurekaServerContext    : Shutting down ...
2025-05-09T11:39:13.966+03:00  INFO 2025147 --- [eureka-server] [ionShutdownHook] c.n.eureka.DefaultEurekaServerContext    : Shut down
2025-05-09T11:39:13.963+03:00 ERROR 2025147 --- [eureka-server] [t-Conn-Cleaner2] c.n.d.s.t.j.EurekaJersey3ClientImpl      : Cannot clean connections

java.lang.IllegalStateException: Client instance has been closed.
	at org.glassfish.jersey.internal.guava.Preconditions.checkState(Preconditions.java:169) ~[jersey-common-3.1.10.jar!/:na]
	at org.glassfish.jersey.client.JerseyClient.checkNotClosed(JerseyClient.java:248) ~[jersey-client-3.1.10.jar!/:na]
	at org.glassfish.jersey.client.JerseyClient.getConfiguration(JerseyClient.java:363) ~[jersey-client-3.1.10.jar!/:na]
	at org.glassfish.jersey.client.JerseyClient.getConfiguration(JerseyClient.java:54) ~[jersey-client-3.1.10.jar!/:na]
	at com.netflix.discovery.shared.transport.jersey3.EurekaJersey3ClientImpl$ConnectionCleanerTask.run(EurekaJersey3ClientImpl.java:338) ~[eureka-client-jersey3-2.0.4.jar!/:2.0.4]
	at java.base/java.util.concurrent.Executors$RunnableAdapter.call(Executors.java:572) ~[na:na]
	at java.base/java.util.concurrent.FutureTask.run(FutureTask.java:317) ~[na:na]
	at java.base/java.util.concurrent.ScheduledThreadPoolExecutor$ScheduledFutureTask.run(ScheduledThreadPoolExecutor.java:304) ~[na:na]
	at java.base/java.util.concurrent.ThreadPoolExecutor.runWorker(ThreadPoolExecutor.java:1144) ~[na:na]
	at java.base/java.util.concurrent.ThreadPoolExecutor$Worker.run(ThreadPoolExecutor.java:642) ~[na:na]
	at java.base/java.lang.Thread.run(Thread.java:1583) ~[na:na]

2025-05-09T11:39:13.972+03:00  INFO 2025147 --- [eureka-server] [ionShutdownHook] com.netflix.discovery.DiscoveryClient    : Shutting down DiscoveryClient ...
2025-05-09T11:39:13.972+03:00  INFO 2025147 --- [eureka-server] [ionShutdownHook] com.netflix.discovery.DiscoveryClient    : Completed shut down of DiscoveryClient
