
  .   ____          _            __ _ _
 /\\ / ___'_ __ _ _(_)_ __  __ _ \ \ \ \
( ( )\___ | '_ | '_| | '_ \/ _` | \ \ \ \
 \\/  ___)| |_)| | | | | || (_| |  ) ) ) )
  '  |____| .__|_| |_|_| |_\__, | / / / /
 =========|_|==============|___/=/_/_/_/

 :: Spring Boot ::                (v3.4.5)

2025-05-08T22:28:37.810+03:00  INFO 1833994 --- [gateway] [           main] i.b.e.gateway.GatewayApplication         : Starting GatewayApplication v0.0.1-SNAPSHOT using Java 21.0.6 with PID 1833994 (/home/aqui/eclipse-workspace/eksiclone/gateway/target/gateway-0.0.1-SNAPSHOT.jar started by aqui in /home/aqui/eclipse-workspace/eksiclone)
2025-05-08T22:28:37.812+03:00  INFO 1833994 --- [gateway] [           main] i.b.e.gateway.GatewayApplication         : No active profile set, falling back to 1 default profile: "default"
2025-05-08T22:28:38.463+03:00  INFO 1833994 --- [gateway] [           main] o.s.cloud.context.scope.GenericScope     : BeanFactory id=df6cb567-0687-326d-8398-48875fabba9a
2025-05-08T22:28:39.100+03:00  INFO 1833994 --- [gateway] [           main] o.s.c.g.r.RouteDefinitionRouteLocator    : Loaded RoutePredicateFactory [After]
2025-05-08T22:28:39.101+03:00  INFO 1833994 --- [gateway] [           main] o.s.c.g.r.RouteDefinitionRouteLocator    : Loaded RoutePredicateFactory [Before]
2025-05-08T22:28:39.101+03:00  INFO 1833994 --- [gateway] [           main] o.s.c.g.r.RouteDefinitionRouteLocator    : Loaded RoutePredicateFactory [Between]
2025-05-08T22:28:39.101+03:00  INFO 1833994 --- [gateway] [           main] o.s.c.g.r.RouteDefinitionRouteLocator    : Loaded RoutePredicateFactory [Cookie]
2025-05-08T22:28:39.101+03:00  INFO 1833994 --- [gateway] [           main] o.s.c.g.r.RouteDefinitionRouteLocator    : Loaded RoutePredicateFactory [Header]
2025-05-08T22:28:39.101+03:00  INFO 1833994 --- [gateway] [           main] o.s.c.g.r.RouteDefinitionRouteLocator    : Loaded RoutePredicateFactory [Host]
2025-05-08T22:28:39.101+03:00  INFO 1833994 --- [gateway] [           main] o.s.c.g.r.RouteDefinitionRouteLocator    : Loaded RoutePredicateFactory [Method]
2025-05-08T22:28:39.101+03:00  INFO 1833994 --- [gateway] [           main] o.s.c.g.r.RouteDefinitionRouteLocator    : Loaded RoutePredicateFactory [Path]
2025-05-08T22:28:39.101+03:00  INFO 1833994 --- [gateway] [           main] o.s.c.g.r.RouteDefinitionRouteLocator    : Loaded RoutePredicateFactory [Query]
2025-05-08T22:28:39.101+03:00  INFO 1833994 --- [gateway] [           main] o.s.c.g.r.RouteDefinitionRouteLocator    : Loaded RoutePredicateFactory [ReadBody]
2025-05-08T22:28:39.101+03:00  INFO 1833994 --- [gateway] [           main] o.s.c.g.r.RouteDefinitionRouteLocator    : Loaded RoutePredicateFactory [RemoteAddr]
2025-05-08T22:28:39.101+03:00  INFO 1833994 --- [gateway] [           main] o.s.c.g.r.RouteDefinitionRouteLocator    : Loaded RoutePredicateFactory [XForwardedRemoteAddr]
2025-05-08T22:28:39.101+03:00  INFO 1833994 --- [gateway] [           main] o.s.c.g.r.RouteDefinitionRouteLocator    : Loaded RoutePredicateFactory [Weight]
2025-05-08T22:28:39.101+03:00  INFO 1833994 --- [gateway] [           main] o.s.c.g.r.RouteDefinitionRouteLocator    : Loaded RoutePredicateFactory [CloudFoundryRouteService]
2025-05-08T22:28:39.313+03:00  INFO 1833994 --- [gateway] [           main] DiscoveryClientOptionalArgsConfiguration : Eureka HTTP Client uses RestTemplate.
2025-05-08T22:28:39.350+03:00  WARN 1833994 --- [gateway] [           main] iguration$LoadBalancerCaffeineWarnLogger : Spring Cloud LoadBalancer is currently working with the default cache. While this cache implementation is useful for development and tests, it's recommended to use Caffeine cache in production.You can switch to using Caffeine cache, by adding it and org.springframework.cache.caffeine.CaffeineCacheManager to the classpath.
2025-05-08T22:28:39.375+03:00  INFO 1833994 --- [gateway] [           main] o.s.c.n.eureka.InstanceInfoFactory       : Setting initial instance status as: STARTING
2025-05-08T22:28:39.392+03:00  INFO 1833994 --- [gateway] [           main] com.netflix.discovery.DiscoveryClient    : Initializing Eureka in region us-east-1
2025-05-08T22:28:39.395+03:00  INFO 1833994 --- [gateway] [           main] c.n.d.s.r.aws.ConfigClusterResolver      : Resolving eureka endpoints via configuration
2025-05-08T22:28:39.402+03:00  INFO 1833994 --- [gateway] [           main] com.netflix.discovery.DiscoveryClient    : Disable delta property : false
2025-05-08T22:28:39.402+03:00  INFO 1833994 --- [gateway] [           main] com.netflix.discovery.DiscoveryClient    : Single vip registry refresh property : null
2025-05-08T22:28:39.402+03:00  INFO 1833994 --- [gateway] [           main] com.netflix.discovery.DiscoveryClient    : Force full registry fetch : false
2025-05-08T22:28:39.402+03:00  INFO 1833994 --- [gateway] [           main] com.netflix.discovery.DiscoveryClient    : Application is null : false
2025-05-08T22:28:39.402+03:00  INFO 1833994 --- [gateway] [           main] com.netflix.discovery.DiscoveryClient    : Registered Applications size is zero : true
2025-05-08T22:28:39.402+03:00  INFO 1833994 --- [gateway] [           main] com.netflix.discovery.DiscoveryClient    : Application version is -1: true
2025-05-08T22:28:39.402+03:00  INFO 1833994 --- [gateway] [           main] com.netflix.discovery.DiscoveryClient    : Getting all instance registry info from the eureka server
2025-05-08T22:28:39.755+03:00  INFO 1833994 --- [gateway] [           main] com.netflix.discovery.DiscoveryClient    : The response status is 200
2025-05-08T22:28:39.756+03:00  INFO 1833994 --- [gateway] [           main] com.netflix.discovery.DiscoveryClient    : Starting heartbeat executor: renew interval is: 30
2025-05-08T22:28:39.757+03:00  INFO 1833994 --- [gateway] [           main] c.n.discovery.InstanceInfoReplicator     : InstanceInfoReplicator onDemand update allowed rate per min is 4
2025-05-08T22:28:39.759+03:00  INFO 1833994 --- [gateway] [           main] com.netflix.discovery.DiscoveryClient    : Discovery Client initialized at timestamp 1746732519758 with initial instances count: 0
2025-05-08T22:28:39.761+03:00  INFO 1833994 --- [gateway] [           main] o.s.c.n.e.s.EurekaServiceRegistry        : Registering application GATEWAY with eureka with status UP
2025-05-08T22:28:39.761+03:00  INFO 1833994 --- [gateway] [           main] com.netflix.discovery.DiscoveryClient    : Saw local status change event StatusChangeEvent [timestamp=1746732519761, current=UP, previous=STARTING]
2025-05-08T22:28:39.763+03:00  INFO 1833994 --- [gateway] [foReplicator-%d] com.netflix.discovery.DiscoveryClient    : DiscoveryClient_GATEWAY/10.22.167.145:gateway:8080: registering service...
2025-05-08T22:28:39.858+03:00  INFO 1833994 --- [gateway] [           main] o.s.b.web.embedded.netty.NettyWebServer  : Netty started on port 8080 (http)
2025-05-08T22:28:39.860+03:00  INFO 1833994 --- [gateway] [           main] .s.c.n.e.s.EurekaAutoServiceRegistration : Updating port to 8080
2025-05-08T22:28:39.869+03:00  INFO 1833994 --- [gateway] [foReplicator-%d] com.netflix.discovery.DiscoveryClient    : DiscoveryClient_GATEWAY/10.22.167.145:gateway:8080 - registration status: 204
2025-05-08T22:28:39.890+03:00  INFO 1833994 --- [gateway] [           main] i.b.e.gateway.GatewayApplication         : Started GatewayApplication in 2.492 seconds (process running for 2.825)
2025-05-08T22:29:09.452+03:00  WARN 1833994 --- [gateway] [or-http-epoll-2] o.s.c.l.core.RoundRobinLoadBalancer      : No servers available for service: role-service
2025-05-08T22:29:09.758+03:00  INFO 1833994 --- [gateway] [reshExecutor-%d] com.netflix.discovery.DiscoveryClient    : Disable delta property : false
2025-05-08T22:29:09.759+03:00  INFO 1833994 --- [gateway] [reshExecutor-%d] com.netflix.discovery.DiscoveryClient    : Single vip registry refresh property : null
2025-05-08T22:29:09.759+03:00  INFO 1833994 --- [gateway] [reshExecutor-%d] com.netflix.discovery.DiscoveryClient    : Force full registry fetch : false
2025-05-08T22:29:09.759+03:00  INFO 1833994 --- [gateway] [reshExecutor-%d] com.netflix.discovery.DiscoveryClient    : Application is null : false
2025-05-08T22:29:09.759+03:00  INFO 1833994 --- [gateway] [reshExecutor-%d] com.netflix.discovery.DiscoveryClient    : Registered Applications size is zero : true
2025-05-08T22:29:09.760+03:00  INFO 1833994 --- [gateway] [reshExecutor-%d] com.netflix.discovery.DiscoveryClient    : Application version is -1: false
2025-05-08T22:29:09.760+03:00  INFO 1833994 --- [gateway] [reshExecutor-%d] com.netflix.discovery.DiscoveryClient    : Getting all instance registry info from the eureka server
2025-05-08T22:29:09.784+03:00  INFO 1833994 --- [gateway] [reshExecutor-%d] com.netflix.discovery.DiscoveryClient    : The response status is 200
2025-05-09T09:21:22.938+03:00  INFO 1833994 --- [gateway] [rap-executor-%d] c.n.d.s.r.aws.ConfigClusterResolver      : Resolving eureka endpoints via configuration
2025-05-09T09:22:51.022+03:00  INFO 1833994 --- [gateway] [ionShutdownHook] o.s.c.n.e.s.EurekaServiceRegistry        : Unregistering application GATEWAY with eureka with status DOWN
2025-05-09T09:22:51.023+03:00  INFO 1833994 --- [gateway] [ionShutdownHook] com.netflix.discovery.DiscoveryClient    : Saw local status change event StatusChangeEvent [timestamp=1746771771023, current=DOWN, previous=UP]
2025-05-09T09:22:51.023+03:00  INFO 1833994 --- [gateway] [foReplicator-%d] com.netflix.discovery.DiscoveryClient    : DiscoveryClient_GATEWAY/10.22.167.145:gateway:8080: registering service...
2025-05-09T09:22:51.025+03:00  INFO 1833994 --- [gateway] [ionShutdownHook] o.s.b.w.embedded.netty.GracefulShutdown  : Commencing graceful shutdown. Waiting for active requests to complete
2025-05-09T09:22:51.028+03:00  INFO 1833994 --- [gateway] [ netty-shutdown] o.s.b.w.embedded.netty.GracefulShutdown  : Graceful shutdown complete
2025-05-09T09:22:51.041+03:00  INFO 1833994 --- [gateway] [foReplicator-%d] com.netflix.discovery.DiscoveryClient    : DiscoveryClient_GATEWAY/10.22.167.145:gateway:8080 - registration status: 204
