
  .   ____          _            __ _ _
 /\\ / ___'_ __ _ _(_)_ __  __ _ \ \ \ \
( ( )\___ | '_ | '_| | '_ \/ _` | \ \ \ \
 \\/  ___)| |_)| | | | | || (_| |  ) ) ) )
  '  |____| .__|_| |_|_| |_\__, | / / / /
 =========|_|==============|___/=/_/_/_/

 :: Spring Boot ::                (v3.4.5)

2025-05-09T11:34:24.663+03:00  INFO 2025609 --- [user-service] [           main] i.b.e.u.UserServiceApplication           : Starting UserServiceApplication v0.0.1-SNAPSHOT using Java 21.0.6 with PID 2025609 (/home/aqui/eclipse-workspace/eksiclone/user-service/target/user-service-0.0.1-SNAPSHOT.jar started by aqui in /home/aqui/eclipse-workspace/eksiclone)
2025-05-09T11:34:24.665+03:00  INFO 2025609 --- [user-service] [           main] i.b.e.u.UserServiceApplication           : No active profile set, falling back to 1 default profile: "default"
2025-05-09T11:34:25.240+03:00  INFO 2025609 --- [user-service] [           main] .s.d.r.c.RepositoryConfigurationDelegate : Bootstrapping Spring Data JPA repositories in DEFAULT mode.
2025-05-09T11:34:25.368+03:00  INFO 2025609 --- [user-service] [           main] .s.d.r.c.RepositoryConfigurationDelegate : Finished Spring Data repository scanning in 120 ms. Found 2 JPA repository interfaces.
2025-05-09T11:34:25.799+03:00  INFO 2025609 --- [user-service] [           main] o.s.cloud.context.scope.GenericScope     : BeanFactory id=4d0ed94a-7a9a-3cde-9d1c-bc761ee0cf3a
2025-05-09T11:34:26.155+03:00  INFO 2025609 --- [user-service] [           main] o.s.b.w.embedded.tomcat.TomcatWebServer  : Tomcat initialized with port 8082 (http)
2025-05-09T11:34:26.166+03:00  INFO 2025609 --- [user-service] [           main] o.apache.catalina.core.StandardService   : Starting service [Tomcat]
2025-05-09T11:34:26.166+03:00  INFO 2025609 --- [user-service] [           main] o.apache.catalina.core.StandardEngine    : Starting Servlet engine: [Apache Tomcat/10.1.40]
2025-05-09T11:34:26.186+03:00  INFO 2025609 --- [user-service] [           main] o.a.c.c.C.[Tomcat].[localhost].[/]       : Initializing Spring embedded WebApplicationContext
2025-05-09T11:34:26.187+03:00  INFO 2025609 --- [user-service] [           main] w.s.c.ServletWebServerApplicationContext : Root WebApplicationContext: initialization completed in 1476 ms
2025-05-09T11:34:26.368+03:00  INFO 2025609 --- [user-service] [           main] com.zaxxer.hikari.HikariDataSource       : HikariPool-1 - Starting...
2025-05-09T11:34:26.454+03:00  INFO 2025609 --- [user-service] [           main] com.zaxxer.hikari.pool.HikariPool        : HikariPool-1 - Added connection org.mariadb.jdbc.Connection@1fc0d9b4
2025-05-09T11:34:26.455+03:00  INFO 2025609 --- [user-service] [           main] com.zaxxer.hikari.HikariDataSource       : HikariPool-1 - Start completed.
2025-05-09T11:34:26.481+03:00  INFO 2025609 --- [user-service] [           main] org.flywaydb.core.FlywayExecutor         : Database: jdbc:mariadb://localhost/eksidb?user=eksiclone_user&password=********&serverTimezone=UTC&useSSL=false (MariaDB 10.11)
2025-05-09T11:34:26.524+03:00  INFO 2025609 --- [user-service] [           main] o.f.core.internal.command.DbValidate     : Successfully validated 1 migration (execution time 00:00.027s)
2025-05-09T11:34:26.536+03:00  INFO 2025609 --- [user-service] [           main] o.f.core.internal.command.DbMigrate      : Current version of schema `eksidb`: 1
2025-05-09T11:34:26.539+03:00  INFO 2025609 --- [user-service] [           main] o.f.core.internal.command.DbMigrate      : Schema `eksidb` is up to date. No migration necessary.
2025-05-09T11:34:26.619+03:00  INFO 2025609 --- [user-service] [           main] o.hibernate.jpa.internal.util.LogHelper  : HHH000204: Processing PersistenceUnitInfo [name: default]
2025-05-09T11:34:26.657+03:00  INFO 2025609 --- [user-service] [           main] org.hibernate.Version                    : HHH000412: Hibernate ORM core version 6.6.13.Final
2025-05-09T11:34:26.683+03:00  INFO 2025609 --- [user-service] [           main] o.h.c.internal.RegionFactoryInitiator    : HHH000026: Second-level cache disabled
2025-05-09T11:34:26.850+03:00  INFO 2025609 --- [user-service] [           main] o.s.o.j.p.SpringPersistenceUnitInfo      : No LoadTimeWeaver setup: ignoring JPA class transformer
2025-05-09T11:34:26.885+03:00  WARN 2025609 --- [user-service] [           main] org.hibernate.orm.deprecation            : HHH90000025: MariaDBDialect does not need to be specified explicitly using 'hibernate.dialect' (remove the property setting and it will be selected by default)
2025-05-09T11:34:26.897+03:00  INFO 2025609 --- [user-service] [           main] org.hibernate.orm.connections.pooling    : HHH10001005: Database info:
	Database JDBC URL [Connecting through datasource 'HikariDataSource (HikariPool-1)']
	Database driver: undefined/unknown
	Database version: 10.11.11
	Autocommit mode: undefined/unknown
	Isolation level: undefined/unknown
	Minimum pool size: undefined/unknown
	Maximum pool size: undefined/unknown
2025-05-09T11:34:27.506+03:00  INFO 2025609 --- [user-service] [           main] o.h.e.t.j.p.i.JtaPlatformInitiator       : HHH000489: No JTA platform available (set 'hibernate.transaction.jta.platform' to enable JTA platform integration)
2025-05-09T11:34:27.508+03:00  INFO 2025609 --- [user-service] [           main] j.LocalContainerEntityManagerFactoryBean : Initialized JPA EntityManagerFactory for persistence unit 'default'
2025-05-09T11:34:27.927+03:00  INFO 2025609 --- [user-service] [           main] o.s.v.b.OptionalValidatorFactoryBean     : Failed to set up a Bean Validation provider: jakarta.validation.NoProviderFoundException: Unable to create a Configuration, because no Jakarta Bean Validation provider could be found. Add a provider like Hibernate Validator (RI) to your classpath.
2025-05-09T11:34:28.624+03:00  INFO 2025609 --- [user-service] [           main] DiscoveryClientOptionalArgsConfiguration : Eureka HTTP Client uses RestTemplate.
2025-05-09T11:34:28.695+03:00  INFO 2025609 --- [user-service] [           main] o.s.c.n.eureka.InstanceInfoFactory       : Setting initial instance status as: STARTING
2025-05-09T11:34:28.717+03:00  INFO 2025609 --- [user-service] [           main] com.netflix.discovery.DiscoveryClient    : Initializing Eureka in region us-east-1
2025-05-09T11:34:28.720+03:00  INFO 2025609 --- [user-service] [           main] c.n.d.s.r.aws.ConfigClusterResolver      : Resolving eureka endpoints via configuration
2025-05-09T11:34:28.728+03:00  INFO 2025609 --- [user-service] [           main] com.netflix.discovery.DiscoveryClient    : Disable delta property : false
2025-05-09T11:34:28.728+03:00  INFO 2025609 --- [user-service] [           main] com.netflix.discovery.DiscoveryClient    : Single vip registry refresh property : null
2025-05-09T11:34:28.728+03:00  INFO 2025609 --- [user-service] [           main] com.netflix.discovery.DiscoveryClient    : Force full registry fetch : false
2025-05-09T11:34:28.728+03:00  INFO 2025609 --- [user-service] [           main] com.netflix.discovery.DiscoveryClient    : Application is null : false
2025-05-09T11:34:28.728+03:00  INFO 2025609 --- [user-service] [           main] com.netflix.discovery.DiscoveryClient    : Registered Applications size is zero : true
2025-05-09T11:34:28.728+03:00  INFO 2025609 --- [user-service] [           main] com.netflix.discovery.DiscoveryClient    : Application version is -1: true
2025-05-09T11:34:28.728+03:00  INFO 2025609 --- [user-service] [           main] com.netflix.discovery.DiscoveryClient    : Getting all instance registry info from the eureka server
2025-05-09T11:34:29.003+03:00  INFO 2025609 --- [user-service] [           main] com.netflix.discovery.DiscoveryClient    : The response status is 200
2025-05-09T11:34:29.004+03:00  INFO 2025609 --- [user-service] [           main] com.netflix.discovery.DiscoveryClient    : Starting heartbeat executor: renew interval is: 30
2025-05-09T11:34:29.006+03:00  INFO 2025609 --- [user-service] [           main] c.n.discovery.InstanceInfoReplicator     : InstanceInfoReplicator onDemand update allowed rate per min is 4
2025-05-09T11:34:29.011+03:00  INFO 2025609 --- [user-service] [           main] com.netflix.discovery.DiscoveryClient    : Discovery Client initialized at timestamp 1746779669010 with initial instances count: 0
2025-05-09T11:34:29.014+03:00  INFO 2025609 --- [user-service] [           main] o.s.c.n.e.s.EurekaServiceRegistry        : Registering application USER-SERVICE with eureka with status UP
2025-05-09T11:34:29.015+03:00  INFO 2025609 --- [user-service] [           main] com.netflix.discovery.DiscoveryClient    : Saw local status change event StatusChangeEvent [timestamp=1746779669015, current=UP, previous=STARTING]
2025-05-09T11:34:29.016+03:00  INFO 2025609 --- [user-service] [foReplicator-%d] com.netflix.discovery.DiscoveryClient    : DiscoveryClient_USER-SERVICE/10.9.9.188:user-service:8082: registering service...
2025-05-09T11:34:29.024+03:00  INFO 2025609 --- [user-service] [           main] o.s.b.w.embedded.tomcat.TomcatWebServer  : Tomcat started on port 8082 (http) with context path '/'
2025-05-09T11:34:29.025+03:00  INFO 2025609 --- [user-service] [           main] .s.c.n.e.s.EurekaAutoServiceRegistration : Updating port to 8082
2025-05-09T11:34:29.039+03:00  INFO 2025609 --- [user-service] [           main] i.b.e.u.UserServiceApplication           : Started UserServiceApplication in 4.82 seconds (process running for 5.212)
2025-05-09T11:34:29.048+03:00  INFO 2025609 --- [user-service] [foReplicator-%d] com.netflix.discovery.DiscoveryClient    : DiscoveryClient_USER-SERVICE/10.9.9.188:user-service:8082 - registration status: 204
2025-05-09T11:34:59.005+03:00  INFO 2025609 --- [user-service] [reshExecutor-%d] com.netflix.discovery.DiscoveryClient    : Disable delta property : false
2025-05-09T11:34:59.005+03:00  INFO 2025609 --- [user-service] [reshExecutor-%d] com.netflix.discovery.DiscoveryClient    : Single vip registry refresh property : null
2025-05-09T11:34:59.006+03:00  INFO 2025609 --- [user-service] [reshExecutor-%d] com.netflix.discovery.DiscoveryClient    : Force full registry fetch : false
2025-05-09T11:34:59.006+03:00  INFO 2025609 --- [user-service] [reshExecutor-%d] com.netflix.discovery.DiscoveryClient    : Application is null : false
2025-05-09T11:34:59.006+03:00  INFO 2025609 --- [user-service] [reshExecutor-%d] com.netflix.discovery.DiscoveryClient    : Registered Applications size is zero : true
2025-05-09T11:34:59.006+03:00  INFO 2025609 --- [user-service] [reshExecutor-%d] com.netflix.discovery.DiscoveryClient    : Application version is -1: false
2025-05-09T11:34:59.006+03:00  INFO 2025609 --- [user-service] [reshExecutor-%d] com.netflix.discovery.DiscoveryClient    : Getting all instance registry info from the eureka server
2025-05-09T11:34:59.029+03:00  INFO 2025609 --- [user-service] [reshExecutor-%d] com.netflix.discovery.DiscoveryClient    : The response status is 200
2025-05-09T11:35:11.632+03:00  INFO 2025609 --- [user-service] [nio-8082-exec-1] o.a.c.c.C.[Tomcat].[localhost].[/]       : Initializing Spring DispatcherServlet 'dispatcherServlet'
2025-05-09T11:35:11.632+03:00  INFO 2025609 --- [user-service] [nio-8082-exec-1] o.s.web.servlet.DispatcherServlet        : Initializing Servlet 'dispatcherServlet'
2025-05-09T11:35:11.633+03:00  INFO 2025609 --- [user-service] [nio-8082-exec-1] o.s.web.servlet.DispatcherServlet        : Completed initialization in 0 ms
2025-05-09T11:35:11.659+03:00  INFO 2025609 --- [user-service] [nio-8082-exec-1] i.b.e.u.service.UserServiceImpl          : Fetching all/Collecting all users
Hibernate: select u1_0.id,u1_0.created_date,u1_0.email,u1_0.last_name,u1_0.last_updated_date,u1_0.name,u1_0.password,u1_0.username,u1_0.version from users u1_0
Hibernate: select r1_0.user_id,r1_1.id,r1_1.created_date,r1_1.last_updated_date,r1_1.role_name,r1_1.version from user_role r1_0 join roles r1_1 on r1_1.id=r1_0.role_id where r1_0.user_id=?
Hibernate: select r1_0.user_id,r1_1.id,r1_1.created_date,r1_1.last_updated_date,r1_1.role_name,r1_1.version from user_role r1_0 join roles r1_1 on r1_1.id=r1_0.role_id where r1_0.user_id=?
Hibernate: select r1_0.user_id,r1_1.id,r1_1.created_date,r1_1.last_updated_date,r1_1.role_name,r1_1.version from user_role r1_0 join roles r1_1 on r1_1.id=r1_0.role_id where r1_0.user_id=?
2025-05-09T11:35:11.734+03:00  INFO 2025609 --- [user-service] [nio-8082-exec-1] i.b.e.u.service.UserServiceImpl          : Found 3 users
2025-05-09T11:35:11.794+03:00  INFO 2025609 --- [user-service] [nio-8082-exec-2] i.b.e.u.service.UserServiceImpl          : Fetching user with id 1
Hibernate: select u1_0.id,u1_0.created_date,u1_0.email,u1_0.last_name,u1_0.last_updated_date,u1_0.name,u1_0.password,u1_0.username,u1_0.version from users u1_0 where u1_0.id=?
Hibernate: select r1_0.user_id,r1_1.id,r1_1.created_date,r1_1.last_updated_date,r1_1.role_name,r1_1.version from user_role r1_0 join roles r1_1 on r1_1.id=r1_0.role_id where r1_0.user_id=?
2025-05-09T11:35:11.833+03:00  INFO 2025609 --- [user-service] [nio-8082-exec-3] i.b.e.u.service.UserServiceImpl          : Creating user with username test_user
Hibernate: select r1_0.id,r1_0.created_date,r1_0.last_updated_date,r1_0.role_name,r1_0.version from roles r1_0 where r1_0.role_name=?
Hibernate: insert into users (created_date,email,last_name,last_updated_date,name,password,username,version) values (?,?,?,?,?,?,?,?)
Hibernate: insert into user_role (user_id,role_id) values (?,?)
2025-05-09T11:35:11.882+03:00  INFO 2025609 --- [user-service] [nio-8082-exec-4] i.b.e.u.service.UserServiceImpl          : Updating user with id 3
Hibernate: select u1_0.id,u1_0.created_date,u1_0.email,u1_0.last_name,u1_0.last_updated_date,u1_0.name,u1_0.password,u1_0.username,u1_0.version from users u1_0 where u1_0.id=?
Hibernate: select r1_0.id,r1_0.created_date,r1_0.last_updated_date,r1_0.role_name,r1_0.version from roles r1_0 where r1_0.role_name=?
Hibernate: select r1_0.id,r1_0.created_date,r1_0.last_updated_date,r1_0.role_name,r1_0.version from roles r1_0 where r1_0.role_name=?
Hibernate: update users set created_date=?,email=?,last_name=?,last_updated_date=?,name=?,password=?,username=?,version=? where id=? and version=?
Hibernate: delete from user_role where user_id=?
Hibernate: insert into user_role (user_id,role_id) values (?,?)
Hibernate: insert into user_role (user_id,role_id) values (?,?)
2025-05-09T11:35:11.939+03:00  INFO 2025609 --- [user-service] [nio-8082-exec-5] i.b.e.u.service.UserServiceImpl          : Deleting user with id 4
Hibernate: select count(*) from users u1_0 where u1_0.id=?
Hibernate: select u1_0.id,u1_0.created_date,u1_0.email,u1_0.last_name,u1_0.last_updated_date,u1_0.name,u1_0.password,u1_0.username,u1_0.version from users u1_0 where u1_0.id=?
Hibernate: delete from user_role where user_id=?
Hibernate: delete from users where id=? and version=?
2025-05-09T11:39:09.847+03:00  INFO 2025609 --- [user-service] [ionShutdownHook] o.s.c.n.e.s.EurekaServiceRegistry        : Unregistering application USER-SERVICE with eureka with status DOWN
2025-05-09T11:39:09.847+03:00  INFO 2025609 --- [user-service] [ionShutdownHook] com.netflix.discovery.DiscoveryClient    : Saw local status change event StatusChangeEvent [timestamp=1746779949847, current=DOWN, previous=UP]
2025-05-09T11:39:09.847+03:00  INFO 2025609 --- [user-service] [foReplicator-%d] com.netflix.discovery.DiscoveryClient    : DiscoveryClient_USER-SERVICE/10.9.9.188:user-service:8082: registering service...
2025-05-09T11:39:09.849+03:00  INFO 2025609 --- [user-service] [ionShutdownHook] o.s.b.w.e.tomcat.GracefulShutdown        : Commencing graceful shutdown. Waiting for active requests to complete
2025-05-09T11:39:09.851+03:00  INFO 2025609 --- [user-service] [tomcat-shutdown] o.s.b.w.e.tomcat.GracefulShutdown        : Graceful shutdown complete
2025-05-09T11:39:09.855+03:00  INFO 2025609 --- [user-service] [foReplicator-%d] com.netflix.discovery.DiscoveryClient    : DiscoveryClient_USER-SERVICE/10.9.9.188:user-service:8082 - registration status: 204
2025-05-09T11:39:09.857+03:00  INFO 2025609 --- [user-service] [ionShutdownHook] j.LocalContainerEntityManagerFactoryBean : Closing JPA EntityManagerFactory for persistence unit 'default'
2025-05-09T11:39:09.859+03:00  INFO 2025609 --- [user-service] [ionShutdownHook] com.zaxxer.hikari.HikariDataSource       : HikariPool-1 - Shutdown initiated...
2025-05-09T11:39:09.861+03:00  INFO 2025609 --- [user-service] [ionShutdownHook] com.zaxxer.hikari.HikariDataSource       : HikariPool-1 - Shutdown completed.
2025-05-09T11:39:09.861+03:00  INFO 2025609 --- [user-service] [ionShutdownHook] com.netflix.discovery.DiscoveryClient    : Shutting down DiscoveryClient ...
